<?xml version="1.0" encoding="UTF-8"?>
<testsuites>
  <testsuite name="fastlane.lanes">
    
    
    
      
      <testcase classname="fastlane.lanes" name="0: default_platform" time="0.0008854">
        
      </testcase>
    
      
      <testcase classname="fastlane.lanes" name="1: Switch to android build lane" time="0.0007349">
        
      </testcase>
    
      
      <testcase classname="fastlane.lanes" name="2: Switch to android determine_release_name lane" time="0.0008281">
        
      </testcase>
    
      
      <testcase classname="fastlane.lanes" name="3: gradlew.bat assembleRelease --parallel --max-workers=4 --profile" time="45.4437296">
        
          <failure message="C:/Users/david/.local/share/gem/ruby/3.2.0/gems/fastlane-2.226.0/fastlane/lib/fastlane/actions/actions_helper.rb:67:in `execute_action&apos;&#10;C:/Users/david/.local/share/gem/ruby/3.2.0/gems/fastlane-2.226.0/fastlane/lib/fastlane/fast_file.rb:224:in `sh&apos;&#10;C:/Users/david/.local/share/gem/ruby/3.2.0/gems/fastlane-2.226.0/fastlane/lib/fastlane/fast_file.rb:216:in `sh&apos;&#10;Fastfile:174:in `block (3 levels) in parsing_binding&apos;&#10;Fastfile:172:in `chdir&apos;&#10;Fastfile:172:in `block (2 levels) in parsing_binding&apos;&#10;C:/Users/david/.local/share/gem/ruby/3.2.0/gems/fastlane-2.226.0/fastlane/lib/fastlane/lane.rb:41:in `call&apos;&#10;C:/Users/david/.local/share/gem/ruby/3.2.0/gems/fastlane-2.226.0/fastlane/lib/fastlane/runner.rb:204:in `try_switch_to_lane&apos;&#10;C:/Users/david/.local/share/gem/ruby/3.2.0/gems/fastlane-2.226.0/fastlane/lib/fastlane/runner.rb:146:in `trigger_action_by_name&apos;&#10;C:/Users/david/.local/share/gem/ruby/3.2.0/gems/fastlane-2.226.0/fastlane/lib/fastlane/fast_file.rb:159:in `method_missing&apos;&#10;Fastfile:195:in `block (2 levels) in parsing_binding&apos;&#10;C:/Users/david/.local/share/gem/ruby/3.2.0/gems/fastlane-2.226.0/fastlane/lib/fastlane/lane.rb:41:in `call&apos;&#10;C:/Users/david/.local/share/gem/ruby/3.2.0/gems/fastlane-2.226.0/fastlane/lib/fastlane/runner.rb:49:in `block in execute&apos;&#10;C:/Users/david/.local/share/gem/ruby/3.2.0/gems/fastlane-2.226.0/fastlane/lib/fastlane/runner.rb:45:in `chdir&apos;&#10;C:/Users/david/.local/share/gem/ruby/3.2.0/gems/fastlane-2.226.0/fastlane/lib/fastlane/runner.rb:45:in `execute&apos;&#10;C:/Users/david/.local/share/gem/ruby/3.2.0/gems/fastlane-2.226.0/fastlane/lib/fastlane/lane_manager.rb:46:in `cruise_lane&apos;&#10;C:/Users/david/.local/share/gem/ruby/3.2.0/gems/fastlane-2.226.0/fastlane/lib/fastlane/command_line_handler.rb:34:in `handle&apos;&#10;C:/Users/david/.local/share/gem/ruby/3.2.0/gems/fastlane-2.226.0/fastlane/lib/fastlane/commands_generator.rb:110:in `block (2 levels) in run&apos;&#10;C:/Users/david/.local/share/gem/ruby/3.2.0/gems/commander-4.6.0/lib/commander/command.rb:187:in `call&apos;&#10;C:/Users/david/.local/share/gem/ruby/3.2.0/gems/commander-4.6.0/lib/commander/command.rb:157:in `run&apos;&#10;C:/Users/david/.local/share/gem/ruby/3.2.0/gems/commander-4.6.0/lib/commander/runner.rb:444:in `run_active_command&apos;&#10;C:/Users/david/.local/share/gem/ruby/3.2.0/gems/fastlane-2.226.0/fastlane_core/lib/fastlane_core/ui/fastlane_runner.rb:124:in `run!&apos;&#10;C:/Users/david/.local/share/gem/ruby/3.2.0/gems/commander-4.6.0/lib/commander/delegates.rb:18:in `run!&apos;&#10;C:/Users/david/.local/share/gem/ruby/3.2.0/gems/fastlane-2.226.0/fastlane/lib/fastlane/commands_generator.rb:363:in `run&apos;&#10;C:/Users/david/.local/share/gem/ruby/3.2.0/gems/fastlane-2.226.0/fastlane/lib/fastlane/commands_generator.rb:43:in `start&apos;&#10;C:/Users/david/.local/share/gem/ruby/3.2.0/gems/fastlane-2.226.0/fastlane/lib/fastlane/cli_tools_distributor.rb:123:in `take_off&apos;&#10;C:/Users/david/.local/share/gem/ruby/3.2.0/gems/fastlane-2.226.0/bin/fastlane:23:in `&lt;top (required)&gt;&apos;&#10;C:/Ruby32-x64/bin/fastlane:25:in `load&apos;&#10;C:/Ruby32-x64/bin/fastlane:25:in `&lt;main&gt;&apos;&#10;&#10;Exit status of command &apos;gradlew.bat assembleRelease --parallel --max-workers=4 --profile&apos; was 1 instead of 0.&#10;Starting a Gradle Daemon, 2 busy Daemons could not be reused, use --status for details&#10;&gt; Task :gradle-plugin:settings-plugin:checkKotlinGradlePluginConfigurationErrors&#10;&gt; Task :gradle-plugin:shared:checkKotlinGradlePluginConfigurationErrors&#10;&gt; Task :gradle-plugin:settings-plugin:pluginDescriptors UP-TO-DATE&#10;&gt; Task :gradle-plugin:settings-plugin:processResources UP-TO-DATE&#10;&gt; Task :gradle-plugin:shared:compileKotlin UP-TO-DATE&#10;&gt; Task :gradle-plugin:shared:compileJava NO-SOURCE&#10;&gt; Task :gradle-plugin:shared:processResources NO-SOURCE&#10;&gt; Task :gradle-plugin:shared:classes UP-TO-DATE&#10;&gt; Task :gradle-plugin:shared:jar UP-TO-DATE&#10;&gt; Task :gradle-plugin:settings-plugin:compileKotlin UP-TO-DATE&#10;&gt; Task :gradle-plugin:settings-plugin:compileJava NO-SOURCE&#10;&gt; Task :gradle-plugin:settings-plugin:classes UP-TO-DATE&#10;&gt; Task :gradle-plugin:settings-plugin:jar UP-TO-DATE&#10;&gt; Task :gradle-plugin:react-native-gradle-plugin:checkKotlinGradlePluginConfigurationErrors&#10;&gt; Task :gradle-plugin:react-native-gradle-plugin:compileKotlin UP-TO-DATE&#10;&gt; Task :gradle-plugin:react-native-gradle-plugin:compileJava NO-SOURCE&#10;&gt; Task :gradle-plugin:react-native-gradle-plugin:pluginDescriptors UP-TO-DATE&#10;&gt; Task :gradle-plugin:react-native-gradle-plugin:processResources UP-TO-DATE&#10;&gt; Task :gradle-plugin:react-native-gradle-plugin:classes UP-TO-DATE&#10;&gt; Task :gradle-plugin:react-native-gradle-plugin:jar UP-TO-DATE&#10;&#10;FAILURE: Build completed with 2 failures.&#10;&#10;1: Task failed with an exception.&#10;-----------&#10;* Where:&#10;Script &apos;J:\repos\source\repos\DeaconsApp_ML_Latest\advancedmlappreactnative\node_modules\expo-modules-autolinking\scripts\android\autolinking_implementation.gradle&apos; line: 453&#10;&#10;* What went wrong:&#10;A problem occurred evaluating project &apos;:expo&apos;.&#10;&gt; A problem occurred configuring project &apos;:expo-application&apos;.&#10;   &gt; Failed to notify project evaluation listener.&#10;      &gt; compileSdkVersion is not specified. Please add it to build.gradle&#10;      &gt; Could not get unknown property &apos;release&apos; for SoftwareComponent container of type org.gradle.api.internal.component.DefaultSoftwareComponentContainer.&#10;&#10;* Try:&#10;&gt; Run with --stacktrace option to get the stack trace.&#10;&gt; Run with --info or --debug option to get more log output.&#10;&gt; Run with --scan to get full insights.&#10;&gt; Get more help at https://help.gradle.org.&#10;==============================================================================&#10;&#10;2: Task failed with an exception.&#10;-----------&#10;* Where:&#10;Script &apos;J:\repos\source\repos\DeaconsApp_ML_Latest\advancedmlappreactnative\node_modules\expo-modules-core\android\ExpoModulesCorePlugin.gradle&apos; line: 95&#10;&#10;* What went wrong:&#10;A problem occurred configuring project &apos;:expo&apos;.&#10;&gt; Could not get unknown property &apos;release&apos; for SoftwareComponent container of type org.gradle.api.internal.component.DefaultSoftwareComponentContainer.&#10;&#10;* Try:&#10;&gt; Run with --stacktrace option to get the stack trace.&#10;&gt; Run with --info or --debug option to get more log output.&#10;&gt; Run with --scan to get full insights.&#10;&gt; Get more help at https://help.gradle.org.&#10;==============================================================================&#10;&#10;BUILD FAILED in 44s&#10;13 actionable tasks: 3 executed, 10 up-to-date&#10;&#10;See the profiling report at: file:///J:/repos/source/repos/DeaconsApp_ML_Latest/advancedmlappreactnative/android/build/reports/profile/profile-2025-03-11-21-28-33.html&#10;A fine-grained performance profile is available: use the --scan option.&#10;" />
        
      </testcase>
    
  </testsuite>
</testsuites>
